[0mGET / [36m302[0m 33.179 ms - 72[0m
[0mGET /users/sign-in [32m200[0m 85.681 ms - 4146[0m
[0mGET /css/notification.css [32m200[0m 35.257 ms - 244[0m
[0mGET /js/update_sheduled_interview.js [32m200[0m 34.934 ms - 2040[0m
[0mGET /js/delete_sheduled_interview.js [32m200[0m 34.113 ms - 936[0m
[0mGET /js/delete_company.js [32m200[0m 32.965 ms - 1041[0m
[0mGET /js/delete_student.js [32m200[0m 32.521 ms - 1104[0m
[0mGET /js/accordian.js [32m200[0m 33.036 ms - 467[0m
[0mGET /js/update_company.js [32m200[0m 29.567 ms - 1868[0m
[0mGET /js/add_company.js [32m200[0m 24.430 ms - 2109[0m
[0mGET /js/student_add_modal.js [32m200[0m 20.957 ms - 1960[0m
[0mGET /js/shedule_interview.js [32m200[0m 37.381 ms - 2196[0m
[0mGET /js/student_edit_modal.js [32m200[0m 33.012 ms - 2058[0m
[0mGET /favicon.ico [33m404[0m 15.263 ms - 150[0m
[0mPOST /users/create-session [36m302[0m 125.684 ms - 46[0m
[0mGET / [32m200[0m 275.648 ms - 38605[0m
[0mGET /css/style.css [32m200[0m 11.658 ms - 238[0m
[0mGET /css/sign-in.css [32m200[0m 11.855 ms - 275[0m
[0mGET /css/sign-up.css [32m200[0m 12.274 ms - -[0m
[0mGET /css/header.css [32m200[0m 5.558 ms - 164[0m
[0mGET /js/accordian.js [36m304[0m 4.712 ms - -[0m
[0mGET /css/notification.css [36m304[0m 11.505 ms - -[0m
[0mGET /js/update_sheduled_interview.js [36m304[0m 8.226 ms - -[0m
[0mGET /js/delete_sheduled_interview.js [36m304[0m 7.995 ms - -[0m
[0mGET /js/delete_company.js [36m304[0m 4.684 ms - -[0m
[0mGET /js/delete_student.js [36m304[0m 8.649 ms - -[0m
[0mGET /js/update_company.js [36m304[0m 13.712 ms - -[0m
[0mGET /js/add_company.js [36m304[0m 7.954 ms - -[0m
[0mGET /js/shedule_interview.js [36m304[0m 7.344 ms - -[0m
[0mGET /css/footer.css [32m200[0m 28.746 ms - -[0m
[0mGET /css/home.css [32m200[0m 28.605 ms - 100[0m
[0mGET /js/student_add_modal.js [36m304[0m 1.460 ms - -[0m
[0mGET /js/student_edit_modal.js [36m304[0m 1.842 ms - -[0m
[0mGET /company [32m200[0m 268.228 ms - 79419[0m
[0mGET /css/style.css [36m304[0m 11.488 ms - -[0m
[0mGET /css/sign-in.css [36m304[0m 11.362 ms - -[0m
[0mGET /css/sign-up.css [36m304[0m 7.489 ms - -[0m
[0mGET /css/header.css [36m304[0m 9.940 ms - -[0m
[0mGET /js/update_sheduled_interview.js [36m304[0m 7.880 ms - -[0m
[0mGET /css/notification.css [36m304[0m 12.644 ms - -[0m
[0mGET /js/delete_sheduled_interview.js [36m304[0m 9.879 ms - -[0m
[0mGET /js/delete_company.js [36m304[0m 18.057 ms - -[0m
[0mGET /css/footer.css [36m304[0m 19.055 ms - -[0m
[0mGET /css/home.css [36m304[0m 19.425 ms - -[0m
[0mGET /js/delete_student.js [36m304[0m 9.320 ms - -[0m
[0mGET /js/accordian.js [36m304[0m 9.804 ms - -[0m
[0mGET /js/update_company.js [36m304[0m 7.176 ms - -[0m
[0mGET /js/add_company.js [36m304[0m 7.200 ms - -[0m
[0mGET /js/shedule_interview.js [36m304[0m 7.018 ms - -[0m
[0mGET /js/student_add_modal.js [36m304[0m 6.382 ms - -[0m
[0mGET /js/student_edit_modal.js [36m304[0m 2.388 ms - -[0m
[0mGET / [36m302[0m 21.746 ms - 72[0m
[0mGET /users/sign-in [36m304[0m 63.254 ms - -[0m
[0mGET /js/update_sheduled_interview.js [36m304[0m 6.683 ms - -[0m
[0mGET /css/notification.css [36m304[0m 5.340 ms - -[0m
[0mGET /js/delete_sheduled_interview.js [36m304[0m 9.190 ms - -[0m
[0mGET /js/delete_company.js [36m304[0m 7.111 ms - -[0m
[0mGET /js/delete_student.js [36m304[0m 6.754 ms - -[0m
[0mGET /js/accordian.js [36m304[0m 7.481 ms - -[0m
[0mGET /js/update_company.js [36m304[0m 8.144 ms - -[0m
[0mGET /js/add_company.js [36m304[0m 9.426 ms - -[0m
[0mGET /js/shedule_interview.js [36m304[0m 8.865 ms - -[0m
[0mGET /js/student_add_modal.js [36m304[0m 9.604 ms - -[0m
[0mGET /js/student_edit_modal.js [36m304[0m 9.495 ms - -[0m
[0mPOST /users/create-session [36m302[0m 59.595 ms - 46[0m
[0mGET / [32m200[0m 111.429 ms - 38605[0m
[0mGET /css/style.css [32m200[0m 10.655 ms - 238[0m
[0mGET /css/sign-in.css [32m200[0m 12.531 ms - 275[0m
[0mGET /css/header.css [32m200[0m 9.274 ms - 164[0m
[0mGET /css/footer.css [32m200[0m 9.448 ms - -[0m
[0mGET /css/home.css [32m200[0m 11.976 ms - 100[0m
[0mGET /css/sign-up.css [32m200[0m 11.552 ms - -[0m
[0mGET /js/accordian.js [36m304[0m 5.664 ms - -[0m
[0mGET /js/update_sheduled_interview.js [36m304[0m 5.037 ms - -[0m
[0mGET /js/delete_sheduled_interview.js [36m304[0m 4.708 ms - -[0m
[0mGET /js/delete_company.js [36m304[0m 4.688 ms - -[0m
[0mGET /js/delete_student.js [36m304[0m 5.069 ms - -[0m
[0mGET /css/notification.css [36m304[0m 5.376 ms - -[0m
[0mGET /js/update_company.js [36m304[0m 2.273 ms - -[0m
[0mGET /js/add_company.js [36m304[0m 1.250 ms - -[0m
[0mGET /js/shedule_interview.js [36m304[0m 1.516 ms - -[0m
[0mGET /js/student_add_modal.js [36m304[0m 2.725 ms - -[0m
[0mGET /js/student_edit_modal.js [36m304[0m 2.234 ms - -[0m
[0mGET /company [36m304[0m 133.555 ms - -[0m
[0mGET /css/sign-up.css [36m304[0m 2.296 ms - -[0m
[0mGET /css/style.css [36m304[0m 2.737 ms - -[0m
[0mGET /css/header.css [36m304[0m 3.541 ms - -[0m
[0mGET /css/sign-in.css [36m304[0m 4.124 ms - -[0m
[0mGET /css/footer.css [36m304[0m 5.448 ms - -[0m
[0mGET /css/home.css [36m304[0m 5.380 ms - -[0m
[0mGET /css/notification.css [36m304[0m 7.455 ms - -[0m
[0mGET /js/update_sheduled_interview.js [36m304[0m 7.121 ms - -[0m
[0mGET /js/delete_sheduled_interview.js [36m304[0m 6.219 ms - -[0m
[0mGET /js/delete_company.js [36m304[0m 5.084 ms - -[0m
[0mGET /js/delete_student.js [36m304[0m 7.952 ms - -[0m
[0mGET /js/accordian.js [36m304[0m 6.299 ms - -[0m
[0mGET /js/update_company.js [36m304[0m 3.893 ms - -[0m
[0mGET /js/add_company.js [36m304[0m 3.727 ms - -[0m
[0mGET /js/shedule_interview.js [36m304[0m 7.520 ms - -[0m
[0mGET /js/student_add_modal.js [36m304[0m 3.263 ms - -[0m
[0mGET /js/student_edit_modal.js [36m304[0m 1.002 ms - -[0m
[0mPOST /company/update [32m200[0m 51.343 ms - 15130[0m
[0mGET /js/update_sheduled_interview.js [36m304[0m 0.482 ms - -[0m
[0mPOST /company/update [32m200[0m 92.510 ms - 15140[0m
[0mGET /js/update_sheduled_interview.js [36m304[0m 2.399 ms - -[0m
[0mPOST /company/update [32m200[0m 39.652 ms - 15140[0m
[0mGET /js/update_sheduled_interview.js [36m304[0m 1.938 ms - -[0m
[0mGET /company [32m200[0m 106.703 ms - 79429[0m
[0mGET /js/update_sheduled_interview.js [36m304[0m 3.495 ms - -[0m
[0mGET /css/notification.css [36m304[0m 9.643 ms - -[0m
[0mGET /js/delete_sheduled_interview.js [36m304[0m 8.070 ms - -[0m
[0mGET /js/delete_company.js [36m304[0m 8.199 ms - -[0m
[0mGET /js/delete_student.js [36m304[0m 15.207 ms - -[0m
[0mGET /js/accordian.js [36m304[0m 7.974 ms - -[0m
[0mGET /js/update_company.js [36m304[0m 8.396 ms - -[0m
[0mGET /js/add_company.js [36m304[0m 7.785 ms - -[0m
[0mGET /js/shedule_interview.js [36m304[0m 7.100 ms - -[0m
[0mGET /js/student_add_modal.js [36m304[0m 11.033 ms - -[0m
[0mGET /js/student_edit_modal.js [36m304[0m 3.470 ms - -[0m
[0mGET /css/header.css [32m200[0m 9.953 ms - 164[0m
[0mGET /css/sign-in.css [32m200[0m 12.329 ms - 275[0m
[0mGET /css/style.css [32m200[0m 14.971 ms - 238[0m
[0mGET /css/sign-up.css [32m200[0m 15.780 ms - -[0m
[0mGET /css/footer.css [32m200[0m 16.807 ms - -[0m
[0mGET /css/home.css [32m200[0m 16.346 ms - 100[0m
[0mGET /css/notification.css [36m304[0m 0.974 ms - -[0m
[0mGET /company [36m304[0m 255.538 ms - -[0m
[0mGET /js/update_sheduled_interview.js [36m304[0m 8.033 ms - -[0m
[0mGET /css/notification.css [36m304[0m 20.108 ms - -[0m
[0mGET /js/delete_sheduled_interview.js [36m304[0m 16.918 ms - -[0m
[0mGET /js/delete_company.js [36m304[0m 18.521 ms - -[0m
[0mGET /js/delete_student.js [36m304[0m 16.188 ms - -[0m
[0mGET /js/accordian.js [36m304[0m 22.623 ms - -[0m
[0mGET /js/update_company.js [36m304[0m 3.666 ms - -[0m
[0mGET /js/add_company.js [36m304[0m 2.270 ms - -[0m
[0mGET /js/shedule_interview.js [36m304[0m 10.345 ms - -[0m
[0mGET /js/student_add_modal.js [36m304[0m 9.722 ms - -[0m
[0mGET /js/student_edit_modal.js [36m304[0m 9.894 ms - -[0m
[0mPOST /company/update [32m200[0m 58.550 ms - 15140[0m
[0mGET /js/update_sheduled_interview.js [36m304[0m 0.867 ms - -[0m
[0mGET /company [32m200[0m 120.321 ms - 79717[0m
[0mGET /css/style.css [32m200[0m 22.965 ms - 238[0m
[0mGET /css/notification.css [36m304[0m 5.050 ms - -[0m
[0mGET /css/sign-up.css [32m200[0m 10.289 ms - -[0m
[0mGET /css/footer.css [32m200[0m 10.595 ms - -[0m
[0mGET /css/header.css [32m200[0m 10.596 ms - 164[0m
[0mGET /css/sign-in.css [32m200[0m 11.265 ms - 275[0m
[0mGET /css/home.css [32m200[0m 13.978 ms - 100[0m
[0mGET /js/update_sheduled_interview.js [36m304[0m 1.889 ms - -[0m
[0mGET /js/delete_sheduled_interview.js [36m304[0m 0.950 ms - -[0m
[0mGET /js/delete_company.js [36m304[0m 9.579 ms - -[0m
[0mGET /js/delete_student.js [36m304[0m 5.676 ms - -[0m
[0mGET /js/accordian.js [36m304[0m 9.373 ms - -[0m
[0mGET /js/update_company.js [36m304[0m 6.383 ms - -[0m
[0mGET /js/add_company.js [36m304[0m 6.148 ms - -[0m
[0mGET /js/shedule_interview.js [36m304[0m 5.572 ms - -[0m
[0mGET /js/student_add_modal.js [36m304[0m 2.732 ms - -[0m
[0mGET /js/student_edit_modal.js [36m304[0m 2.141 ms - -[0m
[0mPOST /company/update [32m200[0m 56.231 ms - 27158[0m
[0mGET /js/update_sheduled_interview.js [36m304[0m 0.820 ms - -[0m
[0mGET /js/update_sheduled_interview.js [36m304[0m 0.459 ms - -[0m
[0mGET /js/update_sheduled_interview.js [36m304[0m 0.520 ms - -[0m
[0mPOST /company/update [32m200[0m 23.424 ms - 9318[0m
[0mPOST /company/update [32m200[0m 26.233 ms - 9322[0m
[0mPOST /company/update [32m200[0m 19.265 ms - 9318[0m
[0mGET /css/style.css [36m304[0m 3.248 ms - -[0m
[0mGET /css/sign-up.css [36m304[0m 3.724 ms - -[0m
[0mGET /css/sign-in.css [36m304[0m 3.718 ms - -[0m
[0mGET /css/header.css [36m304[0m 3.767 ms - -[0m
[0mGET /css/footer.css [36m304[0m 4.147 ms - -[0m
[0mGET /css/notification.css [36m304[0m 1.906 ms - -[0m
[0mGET /css/home.css [36m304[0m 0.988 ms - -[0m
[0mGET /company/delete/?deletableCompanyId=638a8cf9b116c8d4993f3273&deletableCompanyAccordian=company-accordian638a8cf9b116c8d4993f3273 [0m-[0m - ms - -[0m
[0mGET /company/delete/?deletableCompanyId=638290be740069b83aee06ae&deletableCompanyAccordian=company-accordian638290be740069b83aee06ae [0m-[0m - ms - -[0m
[0mGET /company/delete/?deletableCompanyId=638290be740069b83aee06ae&deletableCompanyAccordian=company-accordian638290be740069b83aee06ae [0m-[0m - ms - -[0m
[0mGET /company/delete/?deletableCompanyId=638290be740069b83aee06ae&deletableCompanyAccordian=company-accordian638290be740069b83aee06ae [0m-[0m - ms - -[0m
[0mGET /company/delete/?deletableCompanyId=638290be740069b83aee06ae&deletableCompanyAccordian=company-accordian638290be740069b83aee06ae [0m-[0m - ms - -[0m
[0mGET /company/delete/?deletableCompanyId=638a8cf9b116c8d4993f3273&deletableCompanyAccordian=company-accordian638a8cf9b116c8d4993f3273 [0m-[0m - ms - -[0m
[0mGET /company [32m200[0m 17.041 ms - 6111[0m
[0mGET /css/sign-in.css [36m304[0m 4.678 ms - -[0m
[0mGET /css/style.css [36m304[0m 4.971 ms - -[0m
[0mGET /css/header.css [36m304[0m 4.683 ms - -[0m
[0mGET /css/footer.css [36m304[0m 4.937 ms - -[0m
[0mGET /css/home.css [36m304[0m 5.274 ms - -[0m
[0mGET /css/sign-up.css [36m304[0m 6.033 ms - -[0m
[0mGET /css/notification.css [36m304[0m 0.930 ms - -[0m
[0mGET /js/update_sheduled_interview.js [36m304[0m 5.167 ms - -[0m
[0mGET /js/delete_sheduled_interview.js [36m304[0m 3.918 ms - -[0m
[0mGET /js/delete_company.js [36m304[0m 3.096 ms - -[0m
[0mGET /js/delete_student.js [36m304[0m 9.113 ms - -[0m
[0mGET /js/accordian.js [36m304[0m 7.795 ms - -[0m
[0mGET /js/update_company.js [36m304[0m 4.634 ms - -[0m
[0mGET /js/add_company.js [36m304[0m 9.829 ms - -[0m
[0mGET /js/shedule_interview.js [36m304[0m 5.457 ms - -[0m
[0mGET /js/student_add_modal.js [36m304[0m 4.347 ms - -[0m
[0mGET /js/student_edit_modal.js [36m304[0m 1.718 ms - -[0m
[0mGET /student [32m200[0m 18.765 ms - 10447[0m
[0mGET /css/style.css [36m304[0m 0.596 ms - -[0m
[0mGET /css/sign-in.css [36m304[0m 0.879 ms - -[0m
[0mGET /js/accordian.js [36m304[0m 6.582 ms - -[0m
[0mGET /css/notification.css [36m304[0m 4.427 ms - -[0m
[0mGET /css/footer.css [36m304[0m 3.890 ms - -[0m
[0mGET /css/home.css [36m304[0m 4.395 ms - -[0m
[0mGET /css/header.css [36m304[0m 5.200 ms - -[0m
[0mGET /css/sign-up.css [36m304[0m 5.669 ms - -[0m
[0mGET /js/update_sheduled_interview.js [36m304[0m 6.651 ms - -[0m
[0mGET /js/delete_sheduled_interview.js [36m304[0m 6.342 ms - -[0m
[0mGET /js/delete_company.js [36m304[0m 13.670 ms - -[0m
[0mGET /js/delete_student.js [36m304[0m 9.688 ms - -[0m
[0mGET /js/update_company.js [36m304[0m 6.299 ms - -[0m
[0mGET /js/add_company.js [36m304[0m 5.620 ms - -[0m
[0mGET /js/shedule_interview.js [36m304[0m 4.302 ms - -[0m
[0mGET /js/student_add_modal.js [36m304[0m 2.053 ms - -[0m
[0mGET /js/student_edit_modal.js [36m304[0m 1.004 ms - -[0m
[0mPOST /student/create [32m200[0m 75.061 ms - 9664[0m
[0mPOST /student/create [32m200[0m 29.201 ms - 9707[0m
[0mPOST /student/create [32m200[0m 31.450 ms - 9707[0m
[0mPOST /student/create [32m200[0m 36.622 ms - 9707[0m
[0mGET /company [36m304[0m 20.059 ms - -[0m
[0mGET /css/style.css [36m304[0m 1.340 ms - -[0m
[0mGET /css/sign-in.css [36m304[0m 1.821 ms - -[0m
[0mGET /js/update_sheduled_interview.js [36m304[0m 3.226 ms - -[0m
[0mGET /css/notification.css [36m304[0m 4.096 ms - -[0m
[0mGET /css/sign-up.css [36m304[0m 3.315 ms - -[0m
[0mGET /css/footer.css [36m304[0m 4.306 ms - -[0m
[0mGET /css/header.css [36m304[0m 4.974 ms - -[0m
[0mGET /css/home.css [36m304[0m 3.286 ms - -[0m
[0mGET /js/delete_sheduled_interview.js [36m304[0m 13.909 ms - -[0m
[0mGET /js/delete_company.js [36m304[0m 13.365 ms - -[0m
[0mGET /js/delete_student.js [36m304[0m 8.675 ms - -[0m
[0mGET /js/accordian.js [36m304[0m 6.347 ms - -[0m
[0mGET /js/update_company.js [36m304[0m 6.834 ms - -[0m
[0mGET /js/add_company.js [36m304[0m 2.286 ms - -[0m
[0mGET /js/shedule_interview.js [36m304[0m 7.731 ms - -[0m
[0mGET /js/student_add_modal.js [36m304[0m 5.828 ms - -[0m
[0mGET /js/student_edit_modal.js [36m304[0m 4.472 ms - -[0m
[0mPOST /company/create [36m302[0m 33.541 ms - 102[0m
[0mGET /company [32m200[0m 47.425 ms - 15133[0m
[0mGET /css/sign-in.css [36m304[0m 4.766 ms - -[0m
[0mGET /css/sign-up.css [36m304[0m 5.048 ms - -[0m
[0mGET /css/header.css [36m304[0m 4.929 ms - -[0m
[0mGET /css/footer.css [36m304[0m 4.866 ms - -[0m
[0mGET /css/style.css [36m304[0m 6.044 ms - -[0m
[0mGET /css/home.css [36m304[0m 7.398 ms - -[0m
[0mGET /css/notification.css [36m304[0m 19.535 ms - -[0m
[0mGET /js/update_sheduled_interview.js [36m304[0m 19.526 ms - -[0m
[0mGET /js/delete_sheduled_interview.js [36m304[0m 19.014 ms - -[0m
[0mGET /js/delete_company.js [36m304[0m 17.626 ms - -[0m
[0mGET /js/delete_student.js [36m304[0m 3.173 ms - -[0m
[0mGET /js/accordian.js [36m304[0m 2.131 ms - -[0m
[0mGET /js/update_company.js [36m304[0m 1.524 ms - -[0m
[0mGET /js/add_company.js [36m304[0m 3.319 ms - -[0m
[0mGET /js/shedule_interview.js [36m304[0m 4.631 ms - -[0m
[0mGET /js/student_add_modal.js [36m304[0m 3.672 ms - -[0m
[0mGET /js/student_edit_modal.js [36m304[0m 2.602 ms - -[0m
[0mPOST /company/create [36m302[0m 10.100 ms - 102[0m
[0mGET /company [32m200[0m 29.772 ms - 23900[0m
[0mGET /css/style.css [36m304[0m 19.289 ms - -[0m
[0mGET /css/sign-in.css [36m304[0m 5.319 ms - -[0m
[0mGET /css/sign-up.css [36m304[0m 9.685 ms - -[0m
[0mGET /css/notification.css [36m304[0m 7.634 ms - -[0m
[0mGET /css/header.css [36m304[0m 3.409 ms - -[0m
[0mGET /css/footer.css [36m304[0m 3.559 ms - -[0m
[0mGET /js/update_sheduled_interview.js [36m304[0m 10.143 ms - -[0m
[0mGET /css/home.css [36m304[0m 10.176 ms - -[0m
[0mGET /js/delete_sheduled_interview.js [36m304[0m 9.156 ms - -[0m
[0mGET /js/delete_company.js [36m304[0m 8.610 ms - -[0m
[0mGET /js/delete_student.js [36m304[0m 7.942 ms - -[0m
[0mGET /js/accordian.js [36m304[0m 7.244 ms - -[0m
[0mGET /js/update_company.js [36m304[0m 3.164 ms - -[0m
[0mGET /js/add_company.js [36m304[0m 2.243 ms - -[0m
[0mGET /js/shedule_interview.js [36m304[0m 7.918 ms - -[0m
[0mGET /js/student_add_modal.js [36m304[0m 5.370 ms - -[0m
[0mGET /js/student_edit_modal.js [36m304[0m 1.950 ms - -[0m
[0mPOST /company/create [36m302[0m 14.202 ms - 102[0m
[0mGET /company [32m200[0m 40.702 ms - 32667[0m
[0mGET /css/style.css [36m304[0m 1.654 ms - -[0m
[0mGET /css/sign-up.css [36m304[0m 3.336 ms - -[0m
[0mGET /css/header.css [36m304[0m 3.946 ms - -[0m
[0mGET /css/footer.css [36m304[0m 4.375 ms - -[0m
[0mGET /css/home.css [36m304[0m 5.473 ms - -[0m
[0mGET /css/sign-in.css [36m304[0m 6.120 ms - -[0m
[0mGET /js/update_sheduled_interview.js [36m304[0m 14.062 ms - -[0m
[0mGET /js/delete_sheduled_interview.js [36m304[0m 10.653 ms - -[0m
[0mGET /js/delete_company.js [36m304[0m 10.792 ms - -[0m
[0mGET /css/notification.css [36m304[0m 7.857 ms - -[0m
[0mGET /js/delete_student.js [36m304[0m 7.322 ms - -[0m
[0mGET /js/accordian.js [36m304[0m 2.493 ms - -[0m
[0mGET /js/update_company.js [36m304[0m 10.619 ms - -[0m
[0mGET /js/add_company.js [36m304[0m 12.592 ms - -[0m
[0mGET /js/shedule_interview.js [36m304[0m 11.264 ms - -[0m
[0mGET /js/student_add_modal.js [36m304[0m 13.887 ms - -[0m
[0mGET /js/student_edit_modal.js [36m304[0m 3.839 ms - -[0m
[0mPOST /company/create [36m302[0m 13.425 ms - 102[0m
[0mGET /company [32m200[0m 49.711 ms - 41434[0m
[0mGET /css/sign-up.css [36m304[0m 3.858 ms - -[0m
[0mGET /css/footer.css [36m304[0m 4.680 ms - -[0m
[0mGET /css/style.css [36m304[0m 5.249 ms - -[0m
[0mGET /css/home.css [36m304[0m 5.907 ms - -[0m
[0mGET /css/header.css [36m304[0m 6.121 ms - -[0m
[0mGET /css/sign-in.css [36m304[0m 7.263 ms - -[0m
[0mGET /js/update_sheduled_interview.js [36m304[0m 5.938 ms - -[0m
[0mGET /js/delete_sheduled_interview.js [36m304[0m 5.420 ms - -[0m
[0mGET /js/delete_company.js [36m304[0m 5.446 ms - -[0m
[0mGET /css/notification.css [36m304[0m 7.452 ms - -[0m
[0mGET /js/delete_student.js [36m304[0m 3.571 ms - -[0m
[0mGET /js/accordian.js [36m304[0m 25.325 ms - -[0m
[0mGET /js/update_company.js [36m304[0m 17.429 ms - -[0m
[0mGET /js/add_company.js [36m304[0m 11.461 ms - -[0m
[0mGET /js/shedule_interview.js [36m304[0m 4.361 ms - -[0m
[0mGET /js/student_add_modal.js [36m304[0m 1.166 ms - -[0m
[0mGET /js/student_edit_modal.js [36m304[0m 0.843 ms - -[0m
[0mPOST /company/create [36m302[0m 15.027 ms - 102[0m
[0mGET /company [32m200[0m 52.927 ms - 50201[0m
[0mGET /css/style.css [36m304[0m 2.906 ms - -[0m
[0mGET /css/sign-in.css [36m304[0m 8.285 ms - -[0m
[0mGET /css/sign-up.css [36m304[0m 4.074 ms - -[0m
[0mGET /css/header.css [36m304[0m 1.287 ms - -[0m
[0mGET /css/footer.css [36m304[0m 1.775 ms - -[0m
[0mGET /css/home.css [36m304[0m 1.029 ms - -[0m
[0mGET /css/notification.css [36m304[0m 1.748 ms - -[0m
[0mGET /js/update_sheduled_interview.js [36m304[0m 3.085 ms - -[0m
[0mGET /js/delete_sheduled_interview.js [36m304[0m 2.084 ms - -[0m
[0mGET /js/delete_company.js [36m304[0m 5.075 ms - -[0m
[0mGET /js/delete_student.js [36m304[0m 4.288 ms - -[0m
[0mGET /js/accordian.js [36m304[0m 13.666 ms - -[0m
[0mGET /js/update_company.js [36m304[0m 10.408 ms - -[0m
[0mGET /js/add_company.js [36m304[0m 10.475 ms - -[0m
[0mGET /js/shedule_interview.js [36m304[0m 9.089 ms - -[0m
[0mGET /js/student_add_modal.js [36m304[0m 2.763 ms - -[0m
[0mGET /js/student_edit_modal.js [36m304[0m 2.264 ms - -[0m
[0mPOST /company/create [36m302[0m 11.767 ms - 102[0m
[0mGET /company [32m200[0m 59.178 ms - 58972[0m
[0mGET /css/style.css [36m304[0m 1.790 ms - -[0m
[0mGET /css/sign-in.css [36m304[0m 13.409 ms - -[0m
[0mGET /js/update_sheduled_interview.js [36m304[0m 6.116 ms - -[0m
[0mGET /css/notification.css [36m304[0m 4.910 ms - -[0m
[0mGET /css/header.css [36m304[0m 3.391 ms - -[0m
[0mGET /css/sign-up.css [36m304[0m 3.784 ms - -[0m
[0mGET /css/footer.css [36m304[0m 3.986 ms - -[0m
[0mGET /css/home.css [36m304[0m 3.724 ms - -[0m
[0mGET /js/delete_sheduled_interview.js [36m304[0m 2.283 ms - -[0m
[0mGET /js/delete_company.js [36m304[0m 1.741 ms - -[0m
[0mGET /js/delete_student.js [36m304[0m 0.965 ms - -[0m
[0mGET /js/accordian.js [36m304[0m 6.345 ms - -[0m
[0mGET /js/update_company.js [36m304[0m 4.436 ms - -[0m
[0mGET /js/add_company.js [36m304[0m 2.979 ms - -[0m
[0mGET /js/shedule_interview.js [36m304[0m 2.438 ms - -[0m
[0mGET /js/student_add_modal.js [36m304[0m 2.346 ms - -[0m
[0mGET /js/student_edit_modal.js [36m304[0m 2.427 ms - -[0m
[0mPOST /company/shedule-interview/ [32m200[0m 57.034 ms - 7355[0m
[0mPOST /company/shedule-interview/ [32m200[0m 42.302 ms - 14191[0m
[0mPOST /company/shedule-interview/ [32m200[0m 67.726 ms - 21053[0m
[0mPOST /company/shedule-interview/ [32m200[0m 50.009 ms - 7437[0m
[0mPOST /company/shedule-interview/ [32m200[0m 34.239 ms - 7467[0m
[0mGET /company/delete/?deletableCompanyId=6391fe9e2da3ac2c0a8ef36e&deletableCompanyAccordian=company-accordian6391fe9e2da3ac2c0a8ef36e [32m200[0m 12.273 ms - 56[0m
[0mGET /company [32m200[0m 93.252 ms - 73507[0m
[0mGET /css/style.css [36m304[0m 3.235 ms - -[0m
[0mGET /css/sign-in.css [36m304[0m 3.658 ms - -[0m
[0mGET /css/header.css [36m304[0m 4.704 ms - -[0m
[0mGET /css/footer.css [36m304[0m 7.345 ms - -[0m
[0mGET /css/sign-up.css [36m304[0m 5.271 ms - -[0m
[0mGET /css/home.css [36m304[0m 2.999 ms - -[0m
[0mGET /js/update_sheduled_interview.js [36m304[0m 1.885 ms - -[0m
[0mGET /css/notification.css [36m304[0m 1.642 ms - -[0m
[0mGET /js/delete_sheduled_interview.js [36m304[0m 2.755 ms - -[0m
[0mGET /js/delete_company.js [36m304[0m 11.514 ms - -[0m
[0mGET /js/delete_student.js [36m304[0m 9.627 ms - -[0m
[0mGET /js/accordian.js [36m304[0m 8.818 ms - -[0m
[0mGET /js/update_company.js [36m304[0m 9.753 ms - -[0m
[0mGET /js/add_company.js [36m304[0m 9.583 ms - -[0m
[0mGET /js/shedule_interview.js [36m304[0m 4.405 ms - -[0m
[0mGET /js/student_add_modal.js [36m304[0m 3.059 ms - -[0m
[0mGET /js/student_edit_modal.js [36m304[0m 3.378 ms - -[0m
[0mGET /company/delete/?deletableCompanyId=6391fe972da3ac2c0a8ef368&deletableCompanyAccordian=company-accordian6391fe972da3ac2c0a8ef368 [32m200[0m 21.983 ms - 56[0m
[0mPOST /company/shedule-interview/ [32m200[0m 37.468 ms - 7407[0m
[0mPOST /company/shedule-interview/ [32m200[0m 35.713 ms - 14300[0m
[0mGET /company/delete-sheduled-interview?interviewId=6391ff682da3ac2c0a8ef3ca&companyId=6391feb52da3ac2c0a8ef380&studentId=6391fe812da3ac2c0a8ef359 [32m200[0m 34.090 ms - 7464[0m
[0mGET /company/delete-sheduled-interview?interviewId=6391ff702da3ac2c0a8ef3d3&companyId=6391feb52da3ac2c0a8ef380&studentId=6391fe812da3ac2c0a8ef359 [32m200[0m 20.304 ms - 695[0m
